<?xml version="1.0" encoding="UTF-8"?>
<testng-results skipped="0" failed="0" ignored="0" total="1" passed="1">
  <reporter-output>
  </reporter-output>
  <suite name="Suite" duration-ms="58" started-at="2022-07-23T13:51:46Z" finished-at="2022-07-23T13:51:46Z">
    <groups>
    </groups>
    <test name="Test" duration-ms="58" started-at="2022-07-23T13:51:46Z" finished-at="2022-07-23T13:51:46Z">
      <class name="package1.ParametrisedClass">
        <test-method status="PASS" signature="OpenBrowser()[pri:0, instance:package1.ParametrisedClass@6e2c9341]" name="OpenBrowser" duration-ms="17" started-at="2022-07-23T13:51:46Z" finished-at="2022-07-23T13:51:46Z">
          <reporter-output>
          </reporter-output>
        </test-method> <!-- OpenBrowser -->
      </class> <!-- package1.ParametrisedClass -->
    </test> <!-- Test -->
  </suite> <!-- Suite -->
</testng-results>
